<?xml version="1.0" encoding="UTF-8"?>
<testng-results ignored="0" total="1" passed="1" failed="0" skipped="0">
  <reporter-output>
  </reporter-output>
  <suite started-at="2023-09-11T22:13:13 CEST" name="Default suite" finished-at="2023-09-11T22:13:34 CEST" duration-ms="21157">
    <groups>
      <group name="cucumber">
        <method signature="AbstractTestNGCucumberTests.feature(cucumber.api.testng.CucumberFeatureWrapper)[pri:0, instance:com.TestRunnerRoseGarden.qa.RunnerRoseGarden@bae7dc0]" name="feature" class="cucumber.api.testng.AbstractTestNGCucumberTests"/>
      </group> <!-- cucumber -->
    </groups>
    <test started-at="2023-09-11T22:13:13 CEST" name="Default test" finished-at="2023-09-11T22:13:34 CEST" duration-ms="21157">
      <class name="com.TestRunnerRoseGarden.qa.RunnerRoseGarden">
        <test-method is-config="true" signature="startURl()[pri:0, instance:com.TestRunnerRoseGarden.qa.RunnerRoseGarden@bae7dc0]" started-at="2023-09-11T22:13:13 CEST" name="startURl" finished-at="2023-09-11T22:13:22 CEST" duration-ms="9060" status="PASS">
          <reporter-output>
          </reporter-output>
        </test-method> <!-- startURl -->
        <test-method is-config="true" signature="setUpClass()[pri:0, instance:com.TestRunnerRoseGarden.qa.RunnerRoseGarden@bae7dc0]" started-at="2023-09-11T22:13:22 CEST" name="setUpClass" finished-at="2023-09-11T22:13:22 CEST" duration-ms="235" status="PASS">
          <reporter-output>
          </reporter-output>
        </test-method> <!-- setUpClass -->
        <test-method signature="feature(cucumber.api.testng.CucumberFeatureWrapper)[pri:0, instance:com.TestRunnerRoseGarden.qa.RunnerRoseGarden@bae7dc0]" started-at="2023-09-11T22:13:22 CEST" name="feature" description="Runs Cucumber Feature" data-provider="features" finished-at="2023-09-11T22:13:32 CEST" duration-ms="9610" status="PASS">
          <params>
            <param index="0">
              <value>
                <![CDATA[This is RoseGarden Login feature file]]>
              </value>
            </param>
          </params>
          <reporter-output>
          </reporter-output>
        </test-method> <!-- feature -->
        <test-method is-config="true" signature="tearDownClass()[pri:0, instance:com.TestRunnerRoseGarden.qa.RunnerRoseGarden@bae7dc0]" started-at="2023-09-11T22:13:32 CEST" name="tearDownClass" finished-at="2023-09-11T22:13:32 CEST" duration-ms="31" status="PASS">
          <reporter-output>
          </reporter-output>
        </test-method> <!-- tearDownClass -->
        <test-method is-config="true" signature="closeURL()[pri:0, instance:com.TestRunnerRoseGarden.qa.RunnerRoseGarden@bae7dc0]" started-at="2023-09-11T22:13:32 CEST" name="closeURL" finished-at="2023-09-11T22:13:34 CEST" duration-ms="2013" status="PASS">
          <reporter-output>
          </reporter-output>
        </test-method> <!-- closeURL -->
      </class> <!-- com.TestRunnerRoseGarden.qa.RunnerRoseGarden -->
    </test> <!-- Default test -->
  </suite> <!-- Default suite -->
</testng-results>
